<?xml version="1.0" encoding="UTF-8"?>
<testng-results ignored="0" total="2" passed="2" failed="0" skipped="0">
  <reporter-output>
  </reporter-output>
  <suite started-at="2024-09-18T22:16:03 IST" name="Suite" finished-at="2024-09-18T22:16:28 IST" duration-ms="24864">
    <groups>
      <group name="PurchaseOrder">
        <method signature="PlaceOrder.submitOrder(java.lang.String,java.lang.String,java.lang.String)[pri:0, instance:CrocusRobotic.test.PlaceOrder@42a48628]" name="submitOrder" class="CrocusRobotic.test.PlaceOrder"/>
      </group> <!-- PurchaseOrder -->
    </groups>
    <test started-at="2024-09-18T22:16:03 IST" name="Test" finished-at="2024-09-18T22:16:28 IST" duration-ms="24864">
      <class name="CrocusRobotic.test.PlaceOrder">
        <test-method is-config="true" signature="launchApplication()[pri:0, instance:CrocusRobotic.test.PlaceOrder@42a48628]" started-at="2024-09-18T22:16:04 IST" name="launchApplication" finished-at="2024-09-18T22:16:08 IST" duration-ms="4547" status="PASS">
          <reporter-output>
          </reporter-output>
        </test-method> <!-- launchApplication -->
        <test-method signature="submitOrder(java.lang.String,java.lang.String,java.lang.String)[pri:0, instance:CrocusRobotic.test.PlaceOrder@42a48628]" started-at="2024-09-18T22:16:08 IST" name="submitOrder" data-provider="getData" finished-at="2024-09-18T22:16:17 IST" duration-ms="8751" status="PASS">
          <params>
            <param index="0">
              <value>
                <![CDATA[Tfq@gmail.com]]>
              </value>
            </param>
            <param index="1">
              <value>
                <![CDATA[Abc@#123]]>
              </value>
            </param>
            <param index="2">
              <value>
                <![CDATA[IPHONE 13 PRO]]>
              </value>
            </param>
          </params>
          <reporter-output>
          </reporter-output>
        </test-method> <!-- submitOrder -->
        <test-method signature="submitOrder(java.lang.String,java.lang.String,java.lang.String)[pri:0, instance:CrocusRobotic.test.PlaceOrder@42a48628]" started-at="2024-09-18T22:16:17 IST" name="submitOrder" data-provider="getData" finished-at="2024-09-18T22:16:28 IST" duration-ms="10507" status="PASS">
          <params>
            <param index="0">
              <value>
                <![CDATA[wahid@gmail.com]]>
              </value>
            </param>
            <param index="1">
              <value>
                <![CDATA[XYz@#$1234]]>
              </value>
            </param>
            <param index="2">
              <value>
                <![CDATA[ADIDAS ORIGINAL]]>
              </value>
            </param>
          </params>
          <reporter-output>
          </reporter-output>
        </test-method> <!-- submitOrder -->
        <test-method is-config="true" signature="tearDown()[pri:0, instance:CrocusRobotic.test.PlaceOrder@42a48628]" started-at="2024-09-18T22:16:28 IST" name="tearDown" finished-at="2024-09-18T22:16:28 IST" duration-ms="525" status="PASS">
          <reporter-output>
          </reporter-output>
        </test-method> <!-- tearDown -->
      </class> <!-- CrocusRobotic.test.PlaceOrder -->
    </test> <!-- Test -->
  </suite> <!-- Suite -->
</testng-results>
